Detalles de la partida:
  Modo: NORMAL
  Numero de ronda: 1
  Duracion: 1001
  Puntajes:
    Carballo, Facundo | Povoli, Victor | Coria, Lautaro: 3617
    BrainV3 1409950: 3118
    BrainV3 3739911: 47


Detalles de la partida:
  Modo: BATTLE_ROYALE
  Numero de ronda: 1
  Duracion: 594
  Puntajes:
    BrainV3 6211010: 8763
    BrainV3 6314433: 606
    Carballo, Facundo | Povoli, Victor | Coria, Lautaro: 7


Detalles de la partida:
  Modo: BATTLE_ROYALE
  Numero de ronda: 1
  Duracion: 541
  Puntajes:
    BrainV3 9242502: 9320
    Testigos: 282
    BrainV3 5623022: 105


Detalles de la partida:
  Modo: BATTLE_ROYALE
  Numero de ronda: 1
  Duracion: 18
  Puntajes:
    Testigos: 17


Detalles de la partida:
  Modo: BATTLE_ROYALE
  Numero de ronda: 1
  Duracion: 10
  Puntajes:
    Testigos: 9


Detalles de la partida:
  Modo: BATTLE_ROYALE
  Numero de ronda: 1
  Duracion: 371
  Puntajes:
    Testigos: 611


Detalles de la partida:
  Modo: BATTLE_ROYALE
  Numero de ronda: 1
  Duracion: 501
  Puntajes:
    Testigos: 500


Detalles de la partida:
  Modo: BATTLE_ROYALE
  Numero de ronda: 1
  Duracion: 60
  Puntajes:
    Testigos: 59


Detalles de la partida:
  Modo: BATTLE_ROYALE
  Numero de ronda: 1
  Duracion: 9
  Puntajes:
    Testigos: 8


Detalles de la partida:
  Modo: BATTLE_ROYALE
  Numero de ronda: 1
  Duracion: 43
  Puntajes:
    Testigos: 91


Detalles de la partida:
  Modo: BATTLE_ROYALE
  Numero de ronda: 1
  Duracion: 5
  Puntajes:
    Testigos: 4


Detalles de la partida:
  Modo: BATTLE_ROYALE
  Numero de ronda: 1
  Duracion: 2
  Puntajes:
    Testigos: 1


Detalles de la partida:
  Modo: BATTLE_ROYALE
  Numero de ronda: 1
  Duracion: 81
  Puntajes:
    Testigos: 314


Detalles de la partida:
  Modo: BATTLE_ROYALE
  Numero de ronda: 1
  Duracion: 5
  Puntajes:
    Carballo | Sandes | Lopez Ferme: 4


Detalles de la partida:
  Modo: BATTLE_ROYALE
  Numero de ronda: 1
  Duracion: 10
  Puntajes:
    Carballo | Sandes | Lopez Ferme: 9


